<?xml version="1.0" encoding="UTF-8"?>
<testsuite name="com.zzb.SpringBootMybatisApplicationTests" tests="1" skipped="0" failures="0" errors="0" timestamp="2017-02-22T07:26:00" hostname="DESKTOP-I6DQLBD" time="0.027">
  <properties/>
  <testcase name="contextLoads" classname="com.zzb.SpringBootMybatisApplicationTests" time="0.027"/>
  <system-out><![CDATA[15:25:57.967 [Test worker] DEBUG org.springframework.test.context.junit4.SpringJUnit4ClassRunner - SpringJUnit4ClassRunner constructor called with [class com.zzb.SpringBootMybatisApplicationTests]
15:25:57.972 [Test worker] DEBUG org.springframework.test.context.BootstrapUtils - Instantiating CacheAwareContextLoaderDelegate from class [org.springframework.test.context.cache.DefaultCacheAwareContextLoaderDelegate]
15:25:57.982 [Test worker] DEBUG org.springframework.test.context.BootstrapUtils - Instantiating BootstrapContext using constructor [public org.springframework.test.context.support.DefaultBootstrapContext(java.lang.Class,org.springframework.test.context.CacheAwareContextLoaderDelegate)]
15:25:57.998 [Test worker] DEBUG org.springframework.test.context.BootstrapUtils - Instantiating TestContextBootstrapper for test class [com.zzb.SpringBootMybatisApplicationTests] from class [org.springframework.boot.test.context.SpringBootTestContextBootstrapper]
15:25:58.014 [Test worker] INFO org.springframework.boot.test.context.SpringBootTestContextBootstrapper - Neither @ContextConfiguration nor @ContextHierarchy found for test class [com.zzb.SpringBootMybatisApplicationTests], using SpringBootContextLoader
15:25:58.018 [Test worker] DEBUG org.springframework.test.context.support.AbstractContextLoader - Did not detect default resource location for test class [com.zzb.SpringBootMybatisApplicationTests]: class path resource [com/zzb/SpringBootMybatisApplicationTests-context.xml] does not exist
15:25:58.019 [Test worker] DEBUG org.springframework.test.context.support.AbstractContextLoader - Did not detect default resource location for test class [com.zzb.SpringBootMybatisApplicationTests]: class path resource [com/zzb/SpringBootMybatisApplicationTestsContext.groovy] does not exist
15:25:58.019 [Test worker] INFO org.springframework.test.context.support.AbstractContextLoader - Could not detect default resource locations for test class [com.zzb.SpringBootMybatisApplicationTests]: no resource found for suffixes {-context.xml, Context.groovy}.
15:25:58.020 [Test worker] INFO org.springframework.test.context.support.AnnotationConfigContextLoaderUtils - Could not detect default configuration classes for test class [com.zzb.SpringBootMybatisApplicationTests]: SpringBootMybatisApplicationTests does not declare any static, non-private, non-final, nested classes annotated with @Configuration.
15:25:58.056 [Test worker] DEBUG org.springframework.test.context.support.ActiveProfilesUtils - Could not find an 'annotation declaring class' for annotation type [org.springframework.test.context.ActiveProfiles] and class [com.zzb.SpringBootMybatisApplicationTests]
15:25:58.065 [Test worker] DEBUG org.springframework.core.env.StandardEnvironment - Adding [systemProperties] PropertySource with lowest search precedence
15:25:58.065 [Test worker] DEBUG org.springframework.core.env.StandardEnvironment - Adding [systemEnvironment] PropertySource with lowest search precedence
15:25:58.065 [Test worker] DEBUG org.springframework.core.env.StandardEnvironment - Initialized StandardEnvironment with PropertySources [systemProperties,systemEnvironment]
15:25:58.075 [Test worker] DEBUG org.springframework.core.io.support.PathMatchingResourcePatternResolver - Resolved classpath location [com/zzb/] to resources [URL [file:/D:/workspace/spring-boot-example/spring-boot-mybatis/build/classes/test/com/zzb/], URL [file:/D:/workspace/spring-boot-example/spring-boot-mybatis/build/classes/main/com/zzb/]]
15:25:58.075 [Test worker] DEBUG org.springframework.core.io.support.PathMatchingResourcePatternResolver - Looking for matching resources in directory tree [D:\workspace\spring-boot-example\spring-boot-mybatis\build\classes\test\com\zzb]
15:25:58.075 [Test worker] DEBUG org.springframework.core.io.support.PathMatchingResourcePatternResolver - Searching directory [D:\workspace\spring-boot-example\spring-boot-mybatis\build\classes\test\com\zzb] for files matching pattern [D:/workspace/spring-boot-example/spring-boot-mybatis/build/classes/test/com/zzb/*.class]
15:25:58.078 [Test worker] DEBUG org.springframework.core.io.support.PathMatchingResourcePatternResolver - Looking for matching resources in directory tree [D:\workspace\spring-boot-example\spring-boot-mybatis\build\classes\main\com\zzb]
15:25:58.078 [Test worker] DEBUG org.springframework.core.io.support.PathMatchingResourcePatternResolver - Searching directory [D:\workspace\spring-boot-example\spring-boot-mybatis\build\classes\main\com\zzb] for files matching pattern [D:/workspace/spring-boot-example/spring-boot-mybatis/build/classes/main/com/zzb/*.class]
15:25:58.078 [Test worker] DEBUG org.springframework.core.io.support.PathMatchingResourcePatternResolver - Resolved location pattern [classpath*:com/zzb/*.class] to resources [file [D:\workspace\spring-boot-example\spring-boot-mybatis\build\classes\test\com\zzb\SpringBootMybatisApplicationTests.class], file [D:\workspace\spring-boot-example\spring-boot-mybatis\build\classes\main\com\zzb\SpringBootMybatisApplication.class]]
15:25:58.117 [Test worker] DEBUG org.springframework.context.annotation.ClassPathScanningCandidateComponentProvider - Identified candidate component class: file [D:\workspace\spring-boot-example\spring-boot-mybatis\build\classes\main\com\zzb\SpringBootMybatisApplication.class]
15:25:58.118 [Test worker] INFO org.springframework.boot.test.context.SpringBootTestContextBootstrapper - Found @SpringBootConfiguration com.zzb.SpringBootMybatisApplication for test class com.zzb.SpringBootMybatisApplicationTests
15:25:58.122 [Test worker] DEBUG org.springframework.boot.test.context.SpringBootTestContextBootstrapper - @TestExecutionListeners is not present for class [com.zzb.SpringBootMybatisApplicationTests]: using defaults.
15:25:58.126 [Test worker] INFO org.springframework.boot.test.context.SpringBootTestContextBootstrapper - Loaded default TestExecutionListener class names from location [META-INF/spring.factories]: [org.springframework.boot.test.mock.mockito.MockitoTestExecutionListener, org.springframework.boot.test.mock.mockito.ResetMocksTestExecutionListener, org.springframework.boot.test.autoconfigure.restdocs.RestDocsTestExecutionListener, org.springframework.boot.test.autoconfigure.web.client.MockRestServiceServerResetTestExecutionListener, org.springframework.boot.test.autoconfigure.web.servlet.MockMvcPrintOnlyOnFailureTestExecutionListener, org.springframework.boot.test.autoconfigure.web.servlet.WebDriverTestExecutionListener, org.springframework.test.context.web.ServletTestExecutionListener, org.springframework.test.context.support.DirtiesContextBeforeModesTestExecutionListener, org.springframework.test.context.support.DependencyInjectionTestExecutionListener, org.springframework.test.context.support.DirtiesContextTestExecutionListener, org.springframework.test.context.transaction.TransactionalTestExecutionListener, org.springframework.test.context.jdbc.SqlScriptsTestExecutionListener]
15:25:58.143 [Test worker] INFO org.springframework.boot.test.context.SpringBootTestContextBootstrapper - Using TestExecutionListeners: [org.springframework.test.context.web.ServletTestExecutionListener@646f7072, org.springframework.test.context.support.DirtiesContextBeforeModesTestExecutionListener@31e8ee40, org.springframework.boot.test.autoconfigure.SpringBootDependencyInjectionTestExecutionListener@3d778628, org.springframework.test.context.support.DirtiesContextTestExecutionListener@1312face, org.springframework.test.context.transaction.TransactionalTestExecutionListener@ce1e43e, org.springframework.test.context.jdbc.SqlScriptsTestExecutionListener@7a0d810c, org.springframework.boot.test.autoconfigure.web.servlet.MockMvcPrintOnlyOnFailureTestExecutionListener@7b4a1ea3, org.springframework.boot.test.mock.mockito.MockitoTestExecutionListener@7f8a4f8e, org.springframework.boot.test.autoconfigure.web.servlet.WebDriverTestExecutionListener@7cc98455, org.springframework.boot.test.mock.mockito.ResetMocksTestExecutionListener@6a5a6f21, org.springframework.boot.test.autoconfigure.web.client.MockRestServiceServerResetTestExecutionListener@414ecbcf, org.springframework.boot.test.autoconfigure.restdocs.RestDocsTestExecutionListener@6c150a57]
15:25:58.145 [Test worker] DEBUG org.springframework.test.annotation.ProfileValueUtils - Retrieved @ProfileValueSourceConfiguration [null] for test class [com.zzb.SpringBootMybatisApplicationTests]
15:25:58.146 [Test worker] DEBUG org.springframework.test.annotation.ProfileValueUtils - Retrieved ProfileValueSource type [class org.springframework.test.annotation.SystemProfileValueSource] for class [com.zzb.SpringBootMybatisApplicationTests]
15:25:58.146 [Test worker] DEBUG org.springframework.test.annotation.ProfileValueUtils - Retrieved @ProfileValueSourceConfiguration [null] for test class [com.zzb.SpringBootMybatisApplicationTests]
15:25:58.146 [Test worker] DEBUG org.springframework.test.annotation.ProfileValueUtils - Retrieved ProfileValueSource type [class org.springframework.test.annotation.SystemProfileValueSource] for class [com.zzb.SpringBootMybatisApplicationTests]
15:25:58.150 [Test worker] DEBUG org.springframework.test.context.support.AbstractDirtiesContextTestExecutionListener - Before test class: context [DefaultTestContext@1c2ca11e testClass = SpringBootMybatisApplicationTests, testInstance = [null], testMethod = [null], testException = [null], mergedContextConfiguration = [WebMergedContextConfiguration@33f64520 testClass = SpringBootMybatisApplicationTests, locations = '{}', classes = '{class com.zzb.SpringBootMybatisApplication}', contextInitializerClasses = '[]', activeProfiles = '{}', propertySourceLocations = '{}', propertySourceProperties = '{org.springframework.boot.test.context.SpringBootTestContextBootstrapper=true}', contextCustomizers = set[org.springframework.boot.test.context.SpringBootTestContextCustomizer@4c1b9783, org.springframework.boot.test.context.filter.ExcludeFilterContextCustomizer@3c981530, org.springframework.boot.test.mock.mockito.MockitoContextCustomizer@0, org.springframework.boot.test.autoconfigure.properties.PropertyMappingContextCustomizer@0, org.springframework.boot.test.autoconfigure.web.servlet.WebDriverContextCustomizerFactory$Customizer@638db4f6], resourceBasePath = 'src/main/webapp', contextLoader = 'org.springframework.boot.test.context.SpringBootContextLoader', parent = [null]]], class annotated with @DirtiesContext [false] with mode [null].
15:25:58.151 [Test worker] DEBUG org.springframework.test.annotation.ProfileValueUtils - Retrieved @ProfileValueSourceConfiguration [null] for test class [com.zzb.SpringBootMybatisApplicationTests]
15:25:58.151 [Test worker] DEBUG org.springframework.test.annotation.ProfileValueUtils - Retrieved ProfileValueSource type [class org.springframework.test.annotation.SystemProfileValueSource] for class [com.zzb.SpringBootMybatisApplicationTests]
15:25:58.204 [Test worker] DEBUG org.springframework.core.env.StandardEnvironment - Adding [systemProperties] PropertySource with lowest search precedence
15:25:58.204 [Test worker] DEBUG org.springframework.core.env.StandardEnvironment - Adding [systemEnvironment] PropertySource with lowest search precedence
15:25:58.205 [Test worker] DEBUG org.springframework.core.env.StandardEnvironment - Initialized StandardEnvironment with PropertySources [systemProperties,systemEnvironment]
15:25:58.206 [Test worker] DEBUG org.springframework.core.env.MutablePropertySources - Adding [inline] PropertySource with highest search precedence
15:25:58.212 [Test worker] DEBUG org.springframework.test.context.support.TestPropertySourceUtils - Adding inlined properties to environment: {spring.jmx.enabled=false, org.springframework.boot.test.context.SpringBootTestContextBootstrapper=true, server.port=-1}
15:25:58.213 [Test worker] DEBUG org.springframework.core.env.StandardEnvironment - Adding [Inlined Test Properties] PropertySource with highest search precedence

  .   ____          _            __ _ _
 /\\ / ___'_ __ _ _(_)_ __  __ _ \ \ \ \
( ( )\___ | '_ | '_| | '_ \/ _` | \ \ \ \
 \\/  ___)| |_)| | | | | || (_| |  ) ) ) )
  '  |____| .__|_| |_|_| |_\__, | / / / /
 =========|_|==============|___/=/_/_/_/
 :: Spring Boot ::        (v1.5.1.RELEASE)

2017-02-22 15:25:58.535  INFO 16484 --- [    Test worker] c.zzb.SpringBootMybatisApplicationTests  : Starting SpringBootMybatisApplicationTests on DESKTOP-I6DQLBD with PID 16484 (started by ThinkPad in D:\workspace\spring-boot-example\spring-boot-mybatis)
2017-02-22 15:25:58.536  INFO 16484 --- [    Test worker] c.zzb.SpringBootMybatisApplicationTests  : No active profile set, falling back to default profiles: default
2017-02-22 15:25:58.568  INFO 16484 --- [    Test worker] o.s.w.c.s.GenericWebApplicationContext   : Refreshing org.springframework.web.context.support.GenericWebApplicationContext@4466e048: startup date [Wed Feb 22 15:25:58 CST 2017]; root of context hierarchy
2017-02-22 15:25:59.101  WARN 16484 --- [    Test worker] o.m.s.mapper.ClassPathMapperScanner      : No MyBatis mapper was found in '[com.zzb]' package. Please check your configuration.
2017-02-22 15:25:59.438  INFO 16484 --- [    Test worker] trationDelegate$BeanPostProcessorChecker : Bean 'org.springframework.boot.autoconfigure.validation.ValidationAutoConfiguration' of type [class org.springframework.boot.autoconfigure.validation.ValidationAutoConfiguration] is not eligible for getting processed by all BeanPostProcessors (for example: not eligible for auto-proxying)
2017-02-22 15:25:59.530  INFO 16484 --- [    Test worker] trationDelegate$BeanPostProcessorChecker : Bean 'validator' of type [class org.springframework.validation.beanvalidation.LocalValidatorFactoryBean] is not eligible for getting processed by all BeanPostProcessors (for example: not eligible for auto-proxying)
2017-02-22 15:25:59.556  INFO 16484 --- [    Test worker] trationDelegate$BeanPostProcessorChecker : Bean 'org.springframework.transaction.annotation.ProxyTransactionManagementConfiguration' of type [class org.springframework.transaction.annotation.ProxyTransactionManagementConfiguration$$EnhancerBySpringCGLIB$$8f156e4d] is not eligible for getting processed by all BeanPostProcessors (for example: not eligible for auto-proxying)
2017-02-22 15:26:00.033  INFO 16484 --- [    Test worker] s.w.s.m.m.a.RequestMappingHandlerAdapter : Looking for @ControllerAdvice: org.springframework.web.context.support.GenericWebApplicationContext@4466e048: startup date [Wed Feb 22 15:25:58 CST 2017]; root of context hierarchy
2017-02-22 15:26:00.093  INFO 16484 --- [    Test worker] s.w.s.m.m.a.RequestMappingHandlerMapping : Mapped "{[/error]}" onto public org.springframework.http.ResponseEntity<java.util.Map<java.lang.String, java.lang.Object>> org.springframework.boot.autoconfigure.web.BasicErrorController.error(javax.servlet.http.HttpServletRequest)
2017-02-22 15:26:00.095  INFO 16484 --- [    Test worker] s.w.s.m.m.a.RequestMappingHandlerMapping : Mapped "{[/error],produces=[text/html]}" onto public org.springframework.web.servlet.ModelAndView org.springframework.boot.autoconfigure.web.BasicErrorController.errorHtml(javax.servlet.http.HttpServletRequest,javax.servlet.http.HttpServletResponse)
2017-02-22 15:26:00.125  INFO 16484 --- [    Test worker] o.s.w.s.handler.SimpleUrlHandlerMapping  : Mapped URL path [/webjars/**] onto handler of type [class org.springframework.web.servlet.resource.ResourceHttpRequestHandler]
2017-02-22 15:26:00.126  INFO 16484 --- [    Test worker] o.s.w.s.handler.SimpleUrlHandlerMapping  : Mapped URL path [/**] onto handler of type [class org.springframework.web.servlet.resource.ResourceHttpRequestHandler]
2017-02-22 15:26:00.168  INFO 16484 --- [    Test worker] o.s.w.s.handler.SimpleUrlHandlerMapping  : Mapped URL path [/**/favicon.ico] onto handler of type [class org.springframework.web.servlet.resource.ResourceHttpRequestHandler]
2017-02-22 15:26:00.724  INFO 16484 --- [    Test worker] c.zzb.SpringBootMybatisApplicationTests  : Started SpringBootMybatisApplicationTests in 2.503 seconds (JVM running for 3.342)
]]></system-out>
  <system-err><![CDATA[]]></system-err>
</testsuite>
