<?xml version="1.0" encoding="UTF-8"?>
<testsuite name="com.zzb.SpringBootMybatisApplicationTests" tests="1" skipped="0" failures="0" errors="0" timestamp="2017-02-21T09:08:38" hostname="DESKTOP-I6DQLBD" time="0.028">
  <properties/>
  <testcase name="contextLoads" classname="com.zzb.SpringBootMybatisApplicationTests" time="0.028"/>
  <system-out><![CDATA[17:08:35.508 [Test worker] DEBUG org.springframework.test.context.junit4.SpringJUnit4ClassRunner - SpringJUnit4ClassRunner constructor called with [class com.zzb.SpringBootMybatisApplicationTests]
17:08:35.513 [Test worker] DEBUG org.springframework.test.context.BootstrapUtils - Instantiating CacheAwareContextLoaderDelegate from class [org.springframework.test.context.cache.DefaultCacheAwareContextLoaderDelegate]
17:08:35.520 [Test worker] DEBUG org.springframework.test.context.BootstrapUtils - Instantiating BootstrapContext using constructor [public org.springframework.test.context.support.DefaultBootstrapContext(java.lang.Class,org.springframework.test.context.CacheAwareContextLoaderDelegate)]
17:08:35.532 [Test worker] DEBUG org.springframework.test.context.BootstrapUtils - Instantiating TestContextBootstrapper for test class [com.zzb.SpringBootMybatisApplicationTests] from class [org.springframework.boot.test.context.SpringBootTestContextBootstrapper]
17:08:35.543 [Test worker] INFO org.springframework.boot.test.context.SpringBootTestContextBootstrapper - Neither @ContextConfiguration nor @ContextHierarchy found for test class [com.zzb.SpringBootMybatisApplicationTests], using SpringBootContextLoader
17:08:35.546 [Test worker] DEBUG org.springframework.test.context.support.AbstractContextLoader - Did not detect default resource location for test class [com.zzb.SpringBootMybatisApplicationTests]: class path resource [com/zzb/SpringBootMybatisApplicationTests-context.xml] does not exist
17:08:35.546 [Test worker] DEBUG org.springframework.test.context.support.AbstractContextLoader - Did not detect default resource location for test class [com.zzb.SpringBootMybatisApplicationTests]: class path resource [com/zzb/SpringBootMybatisApplicationTestsContext.groovy] does not exist
17:08:35.546 [Test worker] INFO org.springframework.test.context.support.AbstractContextLoader - Could not detect default resource locations for test class [com.zzb.SpringBootMybatisApplicationTests]: no resource found for suffixes {-context.xml, Context.groovy}.
17:08:35.547 [Test worker] INFO org.springframework.test.context.support.AnnotationConfigContextLoaderUtils - Could not detect default configuration classes for test class [com.zzb.SpringBootMybatisApplicationTests]: SpringBootMybatisApplicationTests does not declare any static, non-private, non-final, nested classes annotated with @Configuration.
17:08:35.575 [Test worker] DEBUG org.springframework.test.context.support.ActiveProfilesUtils - Could not find an 'annotation declaring class' for annotation type [org.springframework.test.context.ActiveProfiles] and class [com.zzb.SpringBootMybatisApplicationTests]
17:08:35.583 [Test worker] DEBUG org.springframework.core.env.StandardEnvironment - Adding [systemProperties] PropertySource with lowest search precedence
17:08:35.584 [Test worker] DEBUG org.springframework.core.env.StandardEnvironment - Adding [systemEnvironment] PropertySource with lowest search precedence
17:08:35.584 [Test worker] DEBUG org.springframework.core.env.StandardEnvironment - Initialized StandardEnvironment with PropertySources [systemProperties,systemEnvironment]
17:08:35.592 [Test worker] DEBUG org.springframework.core.io.support.PathMatchingResourcePatternResolver - Resolved classpath location [com/zzb/] to resources [URL [file:/D:/workspace/spring-boot-example/spring-boot-mybatis/build/classes/test/com/zzb/], URL [file:/D:/workspace/spring-boot-example/spring-boot-mybatis/build/classes/main/com/zzb/]]
17:08:35.593 [Test worker] DEBUG org.springframework.core.io.support.PathMatchingResourcePatternResolver - Looking for matching resources in directory tree [D:\workspace\spring-boot-example\spring-boot-mybatis\build\classes\test\com\zzb]
17:08:35.593 [Test worker] DEBUG org.springframework.core.io.support.PathMatchingResourcePatternResolver - Searching directory [D:\workspace\spring-boot-example\spring-boot-mybatis\build\classes\test\com\zzb] for files matching pattern [D:/workspace/spring-boot-example/spring-boot-mybatis/build/classes/test/com/zzb/*.class]
17:08:35.595 [Test worker] DEBUG org.springframework.core.io.support.PathMatchingResourcePatternResolver - Looking for matching resources in directory tree [D:\workspace\spring-boot-example\spring-boot-mybatis\build\classes\main\com\zzb]
17:08:35.595 [Test worker] DEBUG org.springframework.core.io.support.PathMatchingResourcePatternResolver - Searching directory [D:\workspace\spring-boot-example\spring-boot-mybatis\build\classes\main\com\zzb] for files matching pattern [D:/workspace/spring-boot-example/spring-boot-mybatis/build/classes/main/com/zzb/*.class]
17:08:35.596 [Test worker] DEBUG org.springframework.core.io.support.PathMatchingResourcePatternResolver - Resolved location pattern [classpath*:com/zzb/*.class] to resources [file [D:\workspace\spring-boot-example\spring-boot-mybatis\build\classes\test\com\zzb\SpringBootMybatisApplicationTests.class], file [D:\workspace\spring-boot-example\spring-boot-mybatis\build\classes\main\com\zzb\SpringBootMybatisApplication.class]]
17:08:35.635 [Test worker] DEBUG org.springframework.context.annotation.ClassPathScanningCandidateComponentProvider - Identified candidate component class: file [D:\workspace\spring-boot-example\spring-boot-mybatis\build\classes\main\com\zzb\SpringBootMybatisApplication.class]
17:08:35.636 [Test worker] INFO org.springframework.boot.test.context.SpringBootTestContextBootstrapper - Found @SpringBootConfiguration com.zzb.SpringBootMybatisApplication for test class com.zzb.SpringBootMybatisApplicationTests
17:08:35.639 [Test worker] DEBUG org.springframework.boot.test.context.SpringBootTestContextBootstrapper - @TestExecutionListeners is not present for class [com.zzb.SpringBootMybatisApplicationTests]: using defaults.
17:08:35.644 [Test worker] INFO org.springframework.boot.test.context.SpringBootTestContextBootstrapper - Loaded default TestExecutionListener class names from location [META-INF/spring.factories]: [org.springframework.boot.test.mock.mockito.MockitoTestExecutionListener, org.springframework.boot.test.mock.mockito.ResetMocksTestExecutionListener, org.springframework.boot.test.autoconfigure.restdocs.RestDocsTestExecutionListener, org.springframework.boot.test.autoconfigure.web.client.MockRestServiceServerResetTestExecutionListener, org.springframework.boot.test.autoconfigure.web.servlet.MockMvcPrintOnlyOnFailureTestExecutionListener, org.springframework.boot.test.autoconfigure.web.servlet.WebDriverTestExecutionListener, org.springframework.test.context.web.ServletTestExecutionListener, org.springframework.test.context.support.DirtiesContextBeforeModesTestExecutionListener, org.springframework.test.context.support.DependencyInjectionTestExecutionListener, org.springframework.test.context.support.DirtiesContextTestExecutionListener, org.springframework.test.context.transaction.TransactionalTestExecutionListener, org.springframework.test.context.jdbc.SqlScriptsTestExecutionListener]
17:08:35.660 [Test worker] INFO org.springframework.boot.test.context.SpringBootTestContextBootstrapper - Using TestExecutionListeners: [org.springframework.test.context.web.ServletTestExecutionListener@5e2d8d68, org.springframework.test.context.support.DirtiesContextBeforeModesTestExecutionListener@7e91648, org.springframework.boot.test.autoconfigure.SpringBootDependencyInjectionTestExecutionListener@27012d0, org.springframework.test.context.support.DirtiesContextTestExecutionListener@7e320869, org.springframework.test.context.transaction.TransactionalTestExecutionListener@4c469c0a, org.springframework.test.context.jdbc.SqlScriptsTestExecutionListener@352889c, org.springframework.boot.test.autoconfigure.restdocs.RestDocsTestExecutionListener@136ecb4, org.springframework.boot.test.autoconfigure.web.servlet.MockMvcPrintOnlyOnFailureTestExecutionListener@6f29ddbb, org.springframework.boot.test.mock.mockito.ResetMocksTestExecutionListener@1777ba98, org.springframework.boot.test.autoconfigure.web.servlet.WebDriverTestExecutionListener@76d682, org.springframework.boot.test.mock.mockito.MockitoTestExecutionListener@3693d974, org.springframework.boot.test.autoconfigure.web.client.MockRestServiceServerResetTestExecutionListener@17761e18]
17:08:35.662 [Test worker] DEBUG org.springframework.test.annotation.ProfileValueUtils - Retrieved @ProfileValueSourceConfiguration [null] for test class [com.zzb.SpringBootMybatisApplicationTests]
17:08:35.663 [Test worker] DEBUG org.springframework.test.annotation.ProfileValueUtils - Retrieved ProfileValueSource type [class org.springframework.test.annotation.SystemProfileValueSource] for class [com.zzb.SpringBootMybatisApplicationTests]
17:08:35.663 [Test worker] DEBUG org.springframework.test.annotation.ProfileValueUtils - Retrieved @ProfileValueSourceConfiguration [null] for test class [com.zzb.SpringBootMybatisApplicationTests]
17:08:35.663 [Test worker] DEBUG org.springframework.test.annotation.ProfileValueUtils - Retrieved ProfileValueSource type [class org.springframework.test.annotation.SystemProfileValueSource] for class [com.zzb.SpringBootMybatisApplicationTests]
17:08:35.667 [Test worker] DEBUG org.springframework.test.context.support.AbstractDirtiesContextTestExecutionListener - Before test class: context [DefaultTestContext@195759d testClass = SpringBootMybatisApplicationTests, testInstance = [null], testMethod = [null], testException = [null], mergedContextConfiguration = [WebMergedContextConfiguration@1c5581b8 testClass = SpringBootMybatisApplicationTests, locations = '{}', classes = '{class com.zzb.SpringBootMybatisApplication}', contextInitializerClasses = '[]', activeProfiles = '{}', propertySourceLocations = '{}', propertySourceProperties = '{org.springframework.boot.test.context.SpringBootTestContextBootstrapper=true}', contextCustomizers = set[org.springframework.boot.test.context.SpringBootTestContextCustomizer@3b4e278f, org.springframework.boot.test.context.filter.ExcludeFilterContextCustomizer@62917b44, org.springframework.boot.test.mock.mockito.MockitoContextCustomizer@0, org.springframework.boot.test.autoconfigure.properties.PropertyMappingContextCustomizer@0, org.springframework.boot.test.autoconfigure.web.servlet.WebDriverContextCustomizerFactory$Customizer@6df2ae84], resourceBasePath = 'src/main/webapp', contextLoader = 'org.springframework.boot.test.context.SpringBootContextLoader', parent = [null]]], class annotated with @DirtiesContext [false] with mode [null].
17:08:35.668 [Test worker] DEBUG org.springframework.test.annotation.ProfileValueUtils - Retrieved @ProfileValueSourceConfiguration [null] for test class [com.zzb.SpringBootMybatisApplicationTests]
17:08:35.668 [Test worker] DEBUG org.springframework.test.annotation.ProfileValueUtils - Retrieved ProfileValueSource type [class org.springframework.test.annotation.SystemProfileValueSource] for class [com.zzb.SpringBootMybatisApplicationTests]
17:08:35.720 [Test worker] DEBUG org.springframework.core.env.StandardEnvironment - Adding [systemProperties] PropertySource with lowest search precedence
17:08:35.720 [Test worker] DEBUG org.springframework.core.env.StandardEnvironment - Adding [systemEnvironment] PropertySource with lowest search precedence
17:08:35.720 [Test worker] DEBUG org.springframework.core.env.StandardEnvironment - Initialized StandardEnvironment with PropertySources [systemProperties,systemEnvironment]
17:08:35.721 [Test worker] DEBUG org.springframework.core.env.MutablePropertySources - Adding [inline] PropertySource with highest search precedence
17:08:35.726 [Test worker] DEBUG org.springframework.test.context.support.TestPropertySourceUtils - Adding inlined properties to environment: {spring.jmx.enabled=false, org.springframework.boot.test.context.SpringBootTestContextBootstrapper=true, server.port=-1}
17:08:35.727 [Test worker] DEBUG org.springframework.core.env.StandardEnvironment - Adding [Inlined Test Properties] PropertySource with highest search precedence

  .   ____          _            __ _ _
 /\\ / ___'_ __ _ _(_)_ __  __ _ \ \ \ \
( ( )\___ | '_ | '_| | '_ \/ _` | \ \ \ \
 \\/  ___)| |_)| | | | | || (_| |  ) ) ) )
  '  |____| .__|_| |_|_| |_\__, | / / / /
 =========|_|==============|___/=/_/_/_/
 :: Spring Boot ::        (v1.5.1.RELEASE)

2017-02-21 17:08:36.026  INFO 8232 --- [    Test worker] c.zzb.SpringBootMybatisApplicationTests  : Starting SpringBootMybatisApplicationTests on DESKTOP-I6DQLBD with PID 8232 (started by ThinkPad in D:\workspace\spring-boot-example\spring-boot-mybatis)
2017-02-21 17:08:36.027  INFO 8232 --- [    Test worker] c.zzb.SpringBootMybatisApplicationTests  : No active profile set, falling back to default profiles: default
2017-02-21 17:08:36.055  INFO 8232 --- [    Test worker] o.s.w.c.s.GenericWebApplicationContext   : Refreshing org.springframework.web.context.support.GenericWebApplicationContext@14e188cb: startup date [Tue Feb 21 17:08:36 CST 2017]; root of context hierarchy
2017-02-21 17:08:36.562  WARN 8232 --- [    Test worker] o.m.s.mapper.ClassPathMapperScanner      : No MyBatis mapper was found in '[com.zzb]' package. Please check your configuration.
2017-02-21 17:08:36.874  INFO 8232 --- [    Test worker] trationDelegate$BeanPostProcessorChecker : Bean 'org.springframework.boot.autoconfigure.validation.ValidationAutoConfiguration' of type [class org.springframework.boot.autoconfigure.validation.ValidationAutoConfiguration] is not eligible for getting processed by all BeanPostProcessors (for example: not eligible for auto-proxying)
2017-02-21 17:08:36.955  INFO 8232 --- [    Test worker] trationDelegate$BeanPostProcessorChecker : Bean 'validator' of type [class org.springframework.validation.beanvalidation.LocalValidatorFactoryBean] is not eligible for getting processed by all BeanPostProcessors (for example: not eligible for auto-proxying)
2017-02-21 17:08:36.981  INFO 8232 --- [    Test worker] trationDelegate$BeanPostProcessorChecker : Bean 'org.springframework.transaction.annotation.ProxyTransactionManagementConfiguration' of type [class org.springframework.transaction.annotation.ProxyTransactionManagementConfiguration$$EnhancerBySpringCGLIB$$3760b170] is not eligible for getting processed by all BeanPostProcessors (for example: not eligible for auto-proxying)
2017-02-21 17:08:37.447  INFO 8232 --- [    Test worker] s.w.s.m.m.a.RequestMappingHandlerAdapter : Looking for @ControllerAdvice: org.springframework.web.context.support.GenericWebApplicationContext@14e188cb: startup date [Tue Feb 21 17:08:36 CST 2017]; root of context hierarchy
2017-02-21 17:08:37.510  INFO 8232 --- [    Test worker] s.w.s.m.m.a.RequestMappingHandlerMapping : Mapped "{[/error]}" onto public org.springframework.http.ResponseEntity<java.util.Map<java.lang.String, java.lang.Object>> org.springframework.boot.autoconfigure.web.BasicErrorController.error(javax.servlet.http.HttpServletRequest)
2017-02-21 17:08:37.511  INFO 8232 --- [    Test worker] s.w.s.m.m.a.RequestMappingHandlerMapping : Mapped "{[/error],produces=[text/html]}" onto public org.springframework.web.servlet.ModelAndView org.springframework.boot.autoconfigure.web.BasicErrorController.errorHtml(javax.servlet.http.HttpServletRequest,javax.servlet.http.HttpServletResponse)
2017-02-21 17:08:37.544  INFO 8232 --- [    Test worker] o.s.w.s.handler.SimpleUrlHandlerMapping  : Mapped URL path [/webjars/**] onto handler of type [class org.springframework.web.servlet.resource.ResourceHttpRequestHandler]
2017-02-21 17:08:37.545  INFO 8232 --- [    Test worker] o.s.w.s.handler.SimpleUrlHandlerMapping  : Mapped URL path [/**] onto handler of type [class org.springframework.web.servlet.resource.ResourceHttpRequestHandler]
2017-02-21 17:08:37.579  INFO 8232 --- [    Test worker] o.s.w.s.handler.SimpleUrlHandlerMapping  : Mapped URL path [/**/favicon.ico] onto handler of type [class org.springframework.web.servlet.resource.ResourceHttpRequestHandler]
2017-02-21 17:08:38.047  INFO 8232 --- [    Test worker] c.zzb.SpringBootMybatisApplicationTests  : Started SpringBootMybatisApplicationTests in 2.312 seconds (JVM running for 3.131)
]]></system-out>
  <system-err><![CDATA[]]></system-err>
</testsuite>
